Started GET "/" for ::1 at 2021-12-01 15:36:28 -0800

ActiveRecord::NoDatabaseError - connection to server on socket "/tmp/.s.PGSQL.5432" failed: FATAL:  database "frac2_development" does not exist:

Started GET "/" for ::1 at 2021-12-01 15:38:36 -0800

ActiveRecord::NoDatabaseError - connection to server on socket "/tmp/.s.PGSQL.5432" failed: FATAL:  database "frac2_development" does not exist:

Started GET "/" for ::1 at 2021-12-01 15:39:48 -0800

ActiveRecord::NoDatabaseError - connection to server on socket "/tmp/.s.PGSQL.5432" failed: FATAL:  database "frac2_development" does not exist:

Started POST "/__better_errors/c338c1f3b2d9ca32/variables" for ::1 at 2021-12-01 15:39:48 -0800
  [1m[35m (60.6ms)[0m  [1m[35mCREATE DATABASE "frac2_development" ENCODING = 'unicode'[0m
  ↳ bin/rails:9
  [1m[35m (78.8ms)[0m  [1m[35mCREATE DATABASE "frac2_test" ENCODING = 'unicode'[0m
  ↳ bin/rails:9
Started GET "/" for ::1 at 2021-12-01 15:42:02 -0800
Processing by Rails::WelcomeController#index as */*
  Rendering /Users/jf/.rbenv/versions/2.5.1/lib/ruby/gems/2.5.0/gems/railties-5.2.6/lib/rails/templates/rails/welcome/index.html.erb
  Rendered /Users/jf/.rbenv/versions/2.5.1/lib/ruby/gems/2.5.0/gems/railties-5.2.6/lib/rails/templates/rails/welcome/index.html.erb (3.5ms)
Completed 200 OK in 137ms (Views: 66.7ms | ActiveRecord: 0.0ms)


  [1m[35m (981.7ms)[0m  [1m[35mCREATE DATABASE "frac2_development" ENCODING = 'unicode'[0m
  ↳ bin/rails:9
  [1m[35m (418.4ms)[0m  [1m[35mCREATE DATABASE "frac2_test" ENCODING = 'unicode'[0m
  ↳ bin/rails:9
Started GET "/" for ::1 at 2021-12-01 15:56:15 -0800
Processing by Rails::WelcomeController#index as */*
  Rendering /Users/thiagommoura/.rbenv/versions/2.5.1/lib/ruby/gems/2.5.0/gems/railties-5.2.6/lib/rails/templates/rails/welcome/index.html.erb
  Rendered /Users/thiagommoura/.rbenv/versions/2.5.1/lib/ruby/gems/2.5.0/gems/railties-5.2.6/lib/rails/templates/rails/welcome/index.html.erb (3.4ms)
Completed 200 OK in 314ms (Views: 108.3ms | ActiveRecord: 0.0ms)


Started GET "/users" for ::1 at 2021-12-01 15:57:01 -0800

ArgumentError - Before process_action callback :verify_authenticity_token has not been defined:
  app/controllers/application_controller.rb:2:in `<class:ApplicationController>'
  app/controllers/application_controller.rb:1:in `<top (required)>'
  app/controllers/users_controller.rb:2:in `<top (required)>'

Started GET "/users" for ::1 at 2021-12-01 15:59:01 -0800

ArgumentError - Before process_action callback :verify_authenticity_token has not been defined:
  app/controllers/application_controller.rb:2:in `<class:ApplicationController>'
  app/controllers/application_controller.rb:1:in `<top (required)>'
  app/controllers/users_controller.rb:2:in `<top (required)>'

Started GET "/users.html" for ::1 at 2021-12-01 15:59:30 -0800

ArgumentError - Before process_action callback :verify_authenticity_token has not been defined:
  app/controllers/application_controller.rb:2:in `<class:ApplicationController>'
  app/controllers/application_controller.rb:1:in `<top (required)>'
  app/controllers/users_controller.rb:2:in `<top (required)>'

Started GET "/users" for ::1 at 2021-12-01 16:00:54 -0800

ArgumentError - Before process_action callback :verify_authenticity_token has not been defined:
  app/controllers/application_controller.rb:2:in `<class:ApplicationController>'
  app/controllers/application_controller.rb:1:in `<top (required)>'
  app/controllers/users_controller.rb:2:in `<top (required)>'

Started GET "/users" for ::1 at 2021-12-01 16:01:51 -0800

ArgumentError - Before process_action callback :verify_authenticity_token has not been defined:
  app/controllers/application_controller.rb:2:in `<class:ApplicationController>'
  app/controllers/application_controller.rb:1:in `<top (required)>'
  app/controllers/users_controller.rb:2:in `<top (required)>'

Started GET "/users" for ::1 at 2021-12-01 16:03:19 -0800

ArgumentError - Before process_action callback :verify_authenticity_token has not been defined:
  app/controllers/application_controller.rb:2:in `<class:ApplicationController>'
  app/controllers/application_controller.rb:1:in `<top (required)>'
  app/controllers/users_controller.rb:2:in `<top (required)>'

Started GET "/" for ::1 at 2021-12-01 16:13:49 -0800
Processing by Rails::WelcomeController#index as HTML
  Rendering /Users/thiagommoura/.rbenv/versions/2.5.1/lib/ruby/gems/2.5.0/gems/railties-5.2.6/lib/rails/templates/rails/welcome/index.html.erb
  Rendered /Users/thiagommoura/.rbenv/versions/2.5.1/lib/ruby/gems/2.5.0/gems/railties-5.2.6/lib/rails/templates/rails/welcome/index.html.erb (33.8ms)
Completed 200 OK in 88ms (Views: 49.2ms | ActiveRecord: 0.0ms)


Started GET "/users" for ::1 at 2021-12-01 16:16:59 -0800

ArgumentError - Before process_action callback :verify_authenticity_token has not been defined:
  app/controllers/application_controller.rb:2:in `<class:ApplicationController>'
  app/controllers/application_controller.rb:1:in `<top (required)>'
  app/controllers/users_controller.rb:2:in `<top (required)>'

Started GET "/users" for ::1 at 2021-12-01 16:20:34 -0800
Processing by UsersController#index as */*
  Rendering text template
  Rendered text template (0.0ms)
Completed 200 OK in 106ms (Views: 100.0ms | ActiveRecord: 0.0ms)


Started GET "//users?fav_food=pizza" for ::1 at 2021-12-01 16:24:22 -0800
Processing by UsersController#index as */*
  Parameters: {"fav_food"=>"pizza"}
  Rendering text template
  Rendered text template (0.1ms)
Completed 200 OK in 36ms (Views: 2.5ms | ActiveRecord: 0.0ms)


Started POST "//users?fav_food=pizza&fav=apple" for ::1 at 2021-12-01 16:26:57 -0800

AbstractController::ActionNotFound - The action 'create' could not be found for UsersController:

Started POST "//users?fav_food=pizza&fav=apple" for ::1 at 2021-12-01 16:29:07 -0800

SyntaxError - syntax error, unexpected end-of-input, expecting keyword_end:
  app/controllers/users_controller.rb:9:in `'

Started POST "//users?fav_food=pizza" for ::1 at 2021-12-01 16:29:19 -0800

SyntaxError - syntax error, unexpected end-of-input, expecting keyword_end:
  app/controllers/users_controller.rb:9:in `'

Started POST "//users?fav_food=pizza" for ::1 at 2021-12-01 16:29:39 -0800
Processing by UsersController#create as */*
  Parameters: {"fav_food"=>"pizza"}
Completed 200 OK in 31ms (Views: 28.2ms | ActiveRecord: 0.0ms)


Started POST "//users?fav_food=pizza&fav=blue" for ::1 at 2021-12-01 16:29:57 -0800
Processing by UsersController#create as */*
  Parameters: {"fav_food"=>"pizza", "fav"=>"blue"}
Completed 200 OK in 3ms (Views: 0.2ms | ActiveRecord: 0.0ms)


Started GET "//users/2" for ::1 at 2021-12-01 16:32:11 -0800

AbstractController::ActionNotFound - The action 'show' could not be found for UsersController:

Started GET "//users/2" for ::1 at 2021-12-01 16:33:26 -0800
Processing by UsersController#show as */*
  Parameters: {"id"=>"2"}
Completed 200 OK in 2ms (Views: 0.5ms | ActiveRecord: 0.0ms)


Started GET "//users/2?some_category[a_key]=%27another%20value%27" for ::1 at 2021-12-01 16:35:46 -0800
Processing by UsersController#show as */*
  Parameters: {"some_category"=>{"a_key"=>"'another value'"}, "id"=>"2"}
Completed 200 OK in 1ms (Views: 0.4ms | ActiveRecord: 0.0ms)


Started GET "//users/2?some_category[a_key]=%27another%20value%27&id[food]=apple" for ::1 at 2021-12-01 16:37:15 -0800
Processing by UsersController#show as */*
  Parameters: {"some_category"=>{"a_key"=>"'another value'"}, "id"=>"2"}
Completed 200 OK in 1ms (Views: 0.2ms | ActiveRecord: 0.0ms)


Started GET "//users/2?some_category[a_key]=%27another%20value%27&id[food]=%27apple%27" for ::1 at 2021-12-01 16:37:28 -0800
Processing by UsersController#show as */*
  Parameters: {"some_category"=>{"a_key"=>"'another value'"}, "id"=>"2"}
Completed 200 OK in 0ms (Views: 0.1ms | ActiveRecord: 0.0ms)


Started GET "//users/2?some_category[a_key]=%27another%20value%27&key[food]=%27apple%27" for ::1 at 2021-12-01 16:38:29 -0800
Processing by UsersController#show as */*
  Parameters: {"some_category"=>{"a_key"=>"'another value'"}, "key"=>{"food"=>"'apple'"}, "id"=>"2"}
Completed 200 OK in 1ms (Views: 0.2ms | ActiveRecord: 0.0ms)


Started GET "//users/2?some_category[a_key]=%27another%20value%27&key[food]=%27apple%27&id" for ::1 at 2021-12-01 16:39:31 -0800
Processing by UsersController#show as */*
  Parameters: {"some_category"=>{"a_key"=>"'another value'"}, "key"=>{"food"=>"'apple'"}, "id"=>"2"}
Completed 200 OK in 1ms (Views: 0.3ms | ActiveRecord: 0.0ms)


Started GET "//users/2?some_category[a_key]=%27another%20value%27&key[food]=%27apple%27" for ::1 at 2021-12-01 16:39:52 -0800
Processing by UsersController#show as */*
  Parameters: {"some_category"=>{"a_key"=>"'another value'"}, "key"=>{"food"=>"'apple'"}, "id"=>"2"}
Completed 200 OK in 0ms (Views: 0.1ms | ActiveRecord: 0.0ms)


Started GET "//users/2?some_category[a_key]=%27another%20value%27&key[food]=%27apple%27&action" for ::1 at 2021-12-01 16:40:15 -0800
Processing by UsersController#show as */*
  Parameters: {"some_category"=>{"a_key"=>"'another value'"}, "key"=>{"food"=>"'apple'"}, "id"=>"2"}
Completed 200 OK in 0ms (Views: 0.2ms | ActiveRecord: 0.0ms)


Started GET "//users/2?some_category[a_key]=%27another%20value%27&key[food]=%27apple%27&some_category[inner_inner_hash][key]=%27value%27" for ::1 at 2021-12-01 16:41:04 -0800
Processing by UsersController#show as */*
  Parameters: {"some_category"=>{"a_key"=>"'another value'", "inner_inner_hash"=>{"key"=>"'value'"}}, "key"=>{"food"=>"'apple'"}, "id"=>"2"}
Completed 200 OK in 1ms (Views: 0.3ms | ActiveRecord: 0.0ms)


Started GET "//users/2?some_category[a_key]=%27another%20value%27&some_category[inner_inner_hash][key]=%27apple%27&skey[food]=%27value%27" for ::1 at 2021-12-01 16:43:10 -0800
Processing by UsersController#show as */*
  Parameters: {"some_category"=>{"a_key"=>"'another value'", "inner_inner_hash"=>{"key"=>"'apple'"}}, "skey"=>{"food"=>"'value'"}, "id"=>"2"}
Completed 200 OK in 3ms (Views: 1.0ms | ActiveRecord: 0.0ms)


Started GET "//users/2?some_category[a_key]=%27another%20value%27&some_category[inner_inner_hash][key]=7&skey[food]=%27value%27" for ::1 at 2021-12-01 16:43:44 -0800
Processing by UsersController#show as */*
  Parameters: {"some_category"=>{"a_key"=>"'another value'", "inner_inner_hash"=>{"key"=>"7"}}, "skey"=>{"food"=>"'value'"}, "id"=>"2"}
Completed 200 OK in 0ms (Views: 0.2ms | ActiveRecord: 0.0ms)


  [1m[35m (51.5ms)[0m  [1m[35mCREATE TABLE "schema_migrations" ("version" character varying NOT NULL PRIMARY KEY)[0m
  ↳ bin/rails:9
  [1m[35m (9.1ms)[0m  [1m[35mCREATE TABLE "ar_internal_metadata" ("key" character varying NOT NULL PRIMARY KEY, "value" character varying, "created_at" timestamp NOT NULL, "updated_at" timestamp NOT NULL)[0m
  ↳ bin/rails:9
  [1m[35m (8.1ms)[0m  [1m[34mSELECT pg_try_advisory_lock(7031682822551017995)[0m
  ↳ bin/rails:9
  [1m[35m (1.4ms)[0m  [1m[34mSELECT "schema_migrations"."version" FROM "schema_migrations" ORDER BY "schema_migrations"."version" ASC[0m
  ↳ bin/rails:9
Migrating to CreateUsers (20211202004912)
  [1m[35m (4.5ms)[0m  [1m[35mBEGIN[0m
  ↳ bin/rails:9
  [1m[35m (25.2ms)[0m  [1m[35mCREATE TABLE "users" ("id" bigserial primary key, "name" character varying NOT NULL, "email" character varying NOT NULL, "created_at" timestamp NOT NULL, "updated_at" timestamp NOT NULL)[0m
  ↳ db/migrate/20211202004912_create_users.rb:3
  [1m[36mActiveRecord::SchemaMigration Create (7.8ms)[0m  [1m[32mINSERT INTO "schema_migrations" ("version") VALUES ($1) RETURNING "version"[0m  [["version", "20211202004912"]]
  ↳ bin/rails:9
  [1m[35m (0.6ms)[0m  [1m[35mCOMMIT[0m
  ↳ bin/rails:9
  [1m[36mActiveRecord::InternalMetadata Load (2.6ms)[0m  [1m[34mSELECT  "ar_internal_metadata".* FROM "ar_internal_metadata" WHERE "ar_internal_metadata"."key" = $1 LIMIT $2[0m  [["key", "environment"], ["LIMIT", 1]]
  ↳ bin/rails:9
  [1m[35m (0.6ms)[0m  [1m[35mBEGIN[0m
  ↳ bin/rails:9
  [1m[36mActiveRecord::InternalMetadata Create (3.0ms)[0m  [1m[32mINSERT INTO "ar_internal_metadata" ("key", "value", "created_at", "updated_at") VALUES ($1, $2, $3, $4) RETURNING "key"[0m  [["key", "environment"], ["value", "development"], ["created_at", "2021-12-02 00:51:20.613881"], ["updated_at", "2021-12-02 00:51:20.613881"]]
  ↳ bin/rails:9
  [1m[35m (0.4ms)[0m  [1m[35mCOMMIT[0m
  ↳ bin/rails:9
  [1m[35m (0.3ms)[0m  [1m[34mSELECT pg_advisory_unlock(7031682822551017995)[0m
  ↳ bin/rails:9
  [1m[35m (4.5ms)[0m  [1m[34mSELECT "schema_migrations"."version" FROM "schema_migrations" ORDER BY "schema_migrations"."version" ASC[0m
  ↳ bin/rails:9
  [1m[35m (0.7ms)[0m  [1m[34mSELECT "schema_migrations"."version" FROM "schema_migrations" ORDER BY "schema_migrations"."version" ASC[0m
  ↳ bin/rails:9
  [1m[35m (1.3ms)[0m  [1m[35mBEGIN[0m
  [1m[36mUser Create (6.6ms)[0m  [1m[32mINSERT INTO "users" ("name", "email", "created_at", "updated_at") VALUES ($1, $2, $3, $4) RETURNING "id"[0m  [["name", "Thiago"], ["email", "t@mail.com"], ["created_at", "2021-12-02 00:59:46.472325"], ["updated_at", "2021-12-02 00:59:46.472325"]]
  [1m[35m (4.7ms)[0m  [1m[35mCOMMIT[0m
  [1m[35m (0.5ms)[0m  [1m[35mBEGIN[0m
  [1m[36mUser Create (1.6ms)[0m  [1m[32mINSERT INTO "users" ("name", "email", "created_at", "updated_at") VALUES ($1, $2, $3, $4) RETURNING "id"[0m  [["name", "Joannes"], ["email", "j@mail.com"], ["created_at", "2021-12-02 01:00:47.260183"], ["updated_at", "2021-12-02 01:00:47.260183"]]
  [1m[35m (7.2ms)[0m  [1m[35mCOMMIT[0m
Started GET "//users/1" for ::1 at 2021-12-01 17:02:31 -0800
  [1m[35m (2.0ms)[0m  [1m[34mSELECT "schema_migrations"."version" FROM "schema_migrations" ORDER BY "schema_migrations"."version" ASC[0m
  ↳ /Users/thiagommoura/.rbenv/versions/2.5.1/lib/ruby/gems/2.5.0/gems/activerecord-5.2.6/lib/active_record/log_subscriber.rb:98
Processing by UsersController#show as */*
  Parameters: {"id"=>"1"}
Completed 200 OK in 12ms (Views: 0.9ms | ActiveRecord: 0.0ms)


Started GET "//users" for ::1 at 2021-12-01 17:02:47 -0800
Processing by UsersController#index as */*
  [1m[36mUser Load (28.9ms)[0m  [1m[34mSELECT "users".* FROM "users"[0m
  ↳ app/controllers/users_controller.rb:5
Completed 200 OK in 243ms (Views: 8.7ms | ActiveRecord: 230.7ms)


Started GET "//users/1" for ::1 at 2021-12-01 17:03:07 -0800
Processing by UsersController#show as */*
  Parameters: {"id"=>"1"}
Completed 200 OK in 1ms (Views: 0.3ms | ActiveRecord: 0.0ms)


Started POST "//users/?user[:name]=%27John%27&user[:email]=%27j@mail.com%27" for ::1 at 2021-12-01 17:12:45 -0800
Processing by UsersController#create as */*
  Parameters: {"user"=>{":name"=>"'John'", ":email"=>"'j@mail.com'"}}
Unpermitted parameters: ::name, ::email
Completed 200 OK in 299ms (Views: 1.9ms | ActiveRecord: 208.4ms)


Started POST "//users/?user[:name]=%27John%27&user[:email]=%27j@mail.com%27" for ::1 at 2021-12-01 17:14:18 -0800
Processing by UsersController#create as */*
  Parameters: {"user"=>{":name"=>"'John'", ":email"=>"'j@mail.com'"}}
Unpermitted parameters: ::name, ::email
  [1m[35m (0.4ms)[0m  [1m[35mBEGIN[0m
  ↳ app/controllers/users_controller.rb:10
  [1m[36mUser Create (33.5ms)[0m  [1m[32mINSERT INTO "users" ("created_at", "updated_at") VALUES ($1, $2) RETURNING "id"[0m  [["created_at", "2021-12-02 01:14:18.562076"], ["updated_at", "2021-12-02 01:14:18.562076"]]
  ↳ app/controllers/users_controller.rb:10
  [1m[35m (0.3ms)[0m  [1m[31mROLLBACK[0m
  ↳ app/controllers/users_controller.rb:10
Completed 500 Internal Server Error in 138ms (ActiveRecord: 74.4ms)



ActiveRecord::NotNullViolation - PG::NotNullViolation: ERROR:  null value in column "name" of relation "users" violates not-null constraint
DETAIL:  Failing row contains (3, null, null, 2021-12-02 01:14:18.562076, 2021-12-02 01:14:18.562076).
: INSERT INTO "users" ("created_at", "updated_at") VALUES ($1, $2) RETURNING "id":
  app/controllers/users_controller.rb:10:in `create'

Started POST "//users/?user[name]=%27John%27&user[email]=%27j@mail.com%27" for ::1 at 2021-12-01 17:15:17 -0800
Processing by UsersController#create as */*
  Parameters: {"user"=>{"name"=>"'John'", "email"=>"'j@mail.com'"}}
  [1m[35m (20.7ms)[0m  [1m[35mBEGIN[0m
  ↳ app/controllers/users_controller.rb:10
  [1m[36mUser Create (9.6ms)[0m  [1m[32mINSERT INTO "users" ("name", "email", "created_at", "updated_at") VALUES ($1, $2, $3, $4) RETURNING "id"[0m  [["name", "'John'"], ["email", "'j@mail.com'"], ["created_at", "2021-12-02 01:15:17.523297"], ["updated_at", "2021-12-02 01:15:17.523297"]]
  ↳ app/controllers/users_controller.rb:10
  [1m[35m (2.8ms)[0m  [1m[35mCOMMIT[0m
  ↳ app/controllers/users_controller.rb:10
Completed 200 OK in 51ms (Views: 9.0ms | ActiveRecord: 33.1ms)


Started POST "//users/?user[name]=%27John2%27&user[email]=" for ::1 at 2021-12-01 17:20:29 -0800
Processing by UsersController#create as */*
  Parameters: {"user"=>{"name"=>"'John2'", "email"=>""}}
  [1m[35m (0.2ms)[0m  [1m[35mBEGIN[0m
  ↳ app/controllers/users_controller.rb:10
  [1m[36mUser Create (2.1ms)[0m  [1m[32mINSERT INTO "users" ("name", "email", "created_at", "updated_at") VALUES ($1, $2, $3, $4) RETURNING "id"[0m  [["name", "'John2'"], ["email", ""], ["created_at", "2021-12-02 01:20:29.820988"], ["updated_at", "2021-12-02 01:20:29.820988"]]
  ↳ app/controllers/users_controller.rb:10
  [1m[35m (29.3ms)[0m  [1m[35mCOMMIT[0m
  ↳ app/controllers/users_controller.rb:10
Completed 200 OK in 282ms (Views: 10.5ms | ActiveRecord: 154.7ms)


Started POST "//users/?user[name]=%27John3%27" for ::1 at 2021-12-01 17:20:55 -0800
Processing by UsersController#create as */*
  Parameters: {"user"=>{"name"=>"'John3'"}}
  [1m[35m (117.9ms)[0m  [1m[35mBEGIN[0m
  ↳ app/controllers/users_controller.rb:10
  [1m[36mUser Create (33.1ms)[0m  [1m[32mINSERT INTO "users" ("name", "created_at", "updated_at") VALUES ($1, $2, $3) RETURNING "id"[0m  [["name", "'John3'"], ["created_at", "2021-12-02 01:20:55.463178"], ["updated_at", "2021-12-02 01:20:55.463178"]]
  ↳ app/controllers/users_controller.rb:10
  [1m[35m (27.7ms)[0m  [1m[31mROLLBACK[0m
  ↳ app/controllers/users_controller.rb:10
Completed 500 Internal Server Error in 185ms (ActiveRecord: 178.7ms)



ActiveRecord::NotNullViolation - PG::NotNullViolation: ERROR:  null value in column "email" of relation "users" violates not-null constraint
DETAIL:  Failing row contains (6, 'John3', null, 2021-12-02 01:20:55.463178, 2021-12-02 01:20:55.463178).
: INSERT INTO "users" ("name", "created_at", "updated_at") VALUES ($1, $2, $3) RETURNING "id":
  app/controllers/users_controller.rb:10:in `create'

Started GET "//users/2" for ::1 at 2021-12-01 17:26:58 -0800
Processing by UsersController#show as */*
  Parameters: {"id"=>"2"}
  [1m[36mUser Load (1.1ms)[0m  [1m[34mSELECT  "users".* FROM "users" WHERE "users"."id" = $1 LIMIT $2[0m  [["id", 2], ["LIMIT", 1]]
  ↳ app/controllers/users_controller.rb:18
Completed 200 OK in 302ms (Views: 0.3ms | ActiveRecord: 248.3ms)


Started GET "//users/2" for ::1 at 2021-12-01 17:27:47 -0800
Processing by UsersController#show as */*
  Parameters: {"id"=>"2"}
  [1m[36mUser Load (0.4ms)[0m  [1m[34mSELECT  "users".* FROM "users" WHERE "users"."id" = $1 LIMIT $2[0m  [["id", 2], ["LIMIT", 1]]
  ↳ app/controllers/users_controller.rb:18
Completed 200 OK in 149ms (Views: 3.8ms | ActiveRecord: 86.2ms)


Started GET "/user/" for ::1 at 2021-12-02 10:37:55 -0800

ActiveRecord::PendingMigrationError - Migrations are pending. To resolve this issue, run:
        bin/rails db:migrate RAILS_ENV=development:

Started GET "/" for ::1 at 2021-12-02 10:40:53 -0800

ActiveRecord::PendingMigrationError - Migrations are pending. To resolve this issue, run:
        bin/rails db:migrate RAILS_ENV=development:

  [1m[35m (28.2ms)[0m  [1m[35mCREATE TABLE "schema_migrations" ("version" character varying NOT NULL PRIMARY KEY)[0m
  ↳ bin/rails:9
  [1m[35m (3.2ms)[0m  [1m[35mCREATE TABLE "ar_internal_metadata" ("key" character varying NOT NULL PRIMARY KEY, "value" character varying, "created_at" timestamp NOT NULL, "updated_at" timestamp NOT NULL)[0m
  ↳ bin/rails:9
  [1m[35m (0.5ms)[0m  [1m[34mSELECT pg_try_advisory_lock(7031682822551017995)[0m
  ↳ bin/rails:9
  [1m[35m (0.8ms)[0m  [1m[34mSELECT "schema_migrations"."version" FROM "schema_migrations" ORDER BY "schema_migrations"."version" ASC[0m
  ↳ bin/rails:9
Migrating to CreateUsers (20211202004912)
  [1m[35m (0.1ms)[0m  [1m[35mBEGIN[0m
  ↳ bin/rails:9
  [1m[35m (5.8ms)[0m  [1m[35mCREATE TABLE "users" ("id" bigserial primary key, "name" character varying NOT NULL, "email" character varying NOT NULL, "created_at" timestamp NOT NULL, "updated_at" timestamp NOT NULL)[0m
  ↳ db/migrate/20211202004912_create_users.rb:3
  [1m[36mActiveRecord::SchemaMigration Create (1.3ms)[0m  [1m[32mINSERT INTO "schema_migrations" ("version") VALUES ($1) RETURNING "version"[0m  [["version", "20211202004912"]]
  ↳ bin/rails:9
  [1m[35m (0.3ms)[0m  [1m[35mCOMMIT[0m
  ↳ bin/rails:9
  [1m[36mActiveRecord::InternalMetadata Load (0.3ms)[0m  [1m[34mSELECT  "ar_internal_metadata".* FROM "ar_internal_metadata" WHERE "ar_internal_metadata"."key" = $1 LIMIT $2[0m  [["key", "environment"], ["LIMIT", 1]]
  ↳ bin/rails:9
  [1m[35m (0.1ms)[0m  [1m[35mBEGIN[0m
  ↳ bin/rails:9
  [1m[36mActiveRecord::InternalMetadata Create (0.9ms)[0m  [1m[32mINSERT INTO "ar_internal_metadata" ("key", "value", "created_at", "updated_at") VALUES ($1, $2, $3, $4) RETURNING "key"[0m  [["key", "environment"], ["value", "development"], ["created_at", "2021-12-02 18:41:42.239067"], ["updated_at", "2021-12-02 18:41:42.239067"]]
  ↳ bin/rails:9
  [1m[35m (0.2ms)[0m  [1m[35mCOMMIT[0m
  ↳ bin/rails:9
  [1m[35m (0.2ms)[0m  [1m[34mSELECT pg_advisory_unlock(7031682822551017995)[0m
  ↳ bin/rails:9
  [1m[35m (0.2ms)[0m  [1m[34mSELECT "schema_migrations"."version" FROM "schema_migrations" ORDER BY "schema_migrations"."version" ASC[0m
  ↳ bin/rails:9
  [1m[35m (0.7ms)[0m  [1m[34mSELECT "schema_migrations"."version" FROM "schema_migrations" ORDER BY "schema_migrations"."version" ASC[0m
  ↳ bin/rails:9
Started GET "/" for ::1 at 2021-12-02 10:42:22 -0800
  [1m[35m (1.0ms)[0m  [1m[34mSELECT "schema_migrations"."version" FROM "schema_migrations" ORDER BY "schema_migrations"."version" ASC[0m
  ↳ /Users/jf/.rbenv/versions/2.5.1/lib/ruby/gems/2.5.0/gems/activerecord-5.2.6/lib/active_record/log_subscriber.rb:98
Processing by Rails::WelcomeController#index as */*
  Rendering /Users/jf/.rbenv/versions/2.5.1/lib/ruby/gems/2.5.0/gems/railties-5.2.6/lib/rails/templates/rails/welcome/index.html.erb
  Rendered /Users/jf/.rbenv/versions/2.5.1/lib/ruby/gems/2.5.0/gems/railties-5.2.6/lib/rails/templates/rails/welcome/index.html.erb (3.1ms)
Completed 200 OK in 138ms (Views: 73.7ms | ActiveRecord: 0.0ms)


Started GET "/users/" for ::1 at 2021-12-02 10:42:32 -0800
Processing by UsersController#index as */*
  [1m[36mUser Load (0.7ms)[0m  [1m[34mSELECT "users".* FROM "users"[0m
  ↳ app/controllers/users_controller.rb:5
Completed 200 OK in 9ms (Views: 1.8ms | ActiveRecord: 3.7ms)


  [1m[35m (0.7ms)[0m  [1m[34mSELECT "schema_migrations"."version" FROM "schema_migrations" ORDER BY "schema_migrations"."version" ASC[0m
  ↳ bin/rails:9
  [1m[35m (0.1ms)[0m  [1m[35mBEGIN[0m
  ↳ db/seeds.rb:9
  [1m[36mUser Create (2.5ms)[0m  [1m[32mINSERT INTO "users" ("name", "created_at", "updated_at") VALUES ($1, $2, $3) RETURNING "id"[0m  [["name", "Thiago"], ["created_at", "2021-12-02 18:45:52.090003"], ["updated_at", "2021-12-02 18:45:52.090003"]]
  ↳ db/seeds.rb:9
  [1m[35m (0.1ms)[0m  [1m[31mROLLBACK[0m
  ↳ db/seeds.rb:9
  [1m[35m (0.7ms)[0m  [1m[34mSELECT "schema_migrations"."version" FROM "schema_migrations" ORDER BY "schema_migrations"."version" ASC[0m
  ↳ bin/rails:9
  [1m[35m (0.1ms)[0m  [1m[35mBEGIN[0m
  ↳ db/seeds.rb:9
  [1m[36mUser Create (1.2ms)[0m  [1m[32mINSERT INTO "users" ("name", "created_at", "updated_at") VALUES ($1, $2, $3) RETURNING "id"[0m  [["name", "Thiago"], ["created_at", "2021-12-02 18:47:14.735576"], ["updated_at", "2021-12-02 18:47:14.735576"]]
  ↳ db/seeds.rb:9
  [1m[35m (0.1ms)[0m  [1m[31mROLLBACK[0m
  ↳ db/seeds.rb:9
  [1m[36mUser Load (0.7ms)[0m  [1m[34mSELECT "users".* FROM "users"[0m
Started GET "/users/" for ::1 at 2021-12-02 10:52:28 -0800
  [1m[35m (1.3ms)[0m  [1m[34mSELECT "schema_migrations"."version" FROM "schema_migrations" ORDER BY "schema_migrations"."version" ASC[0m
  ↳ /Users/jf/.rbenv/versions/2.5.1/lib/ruby/gems/2.5.0/gems/activerecord-5.2.6/lib/active_record/log_subscriber.rb:98
Processing by UsersController#index as */*
  [1m[36mUser Load (0.6ms)[0m  [1m[34mSELECT "users".* FROM "users"[0m
  ↳ app/controllers/users_controller.rb:5
Completed 200 OK in 11ms (Views: 1.6ms | ActiveRecord: 2.4ms)


  [1m[35m (0.7ms)[0m  [1m[34mSELECT "schema_migrations"."version" FROM "schema_migrations" ORDER BY "schema_migrations"."version" ASC[0m
  ↳ bin/rails:9
  [1m[35m (0.1ms)[0m  [1m[35mBEGIN[0m
  ↳ db/seeds.rb:10
  [1m[36mUser Create (0.8ms)[0m  [1m[32mINSERT INTO "users" ("name", "email", "created_at", "updated_at") VALUES ($1, $2, $3, $4) RETURNING "id"[0m  [["name", "Thiago"], ["email", "Tman@gmail"], ["created_at", "2021-12-02 18:56:09.802933"], ["updated_at", "2021-12-02 18:56:09.802933"]]
  ↳ db/seeds.rb:10
  [1m[35m (0.3ms)[0m  [1m[35mCOMMIT[0m
  ↳ db/seeds.rb:10
Started GET "/users/" for ::1 at 2021-12-02 10:56:31 -0800
  [1m[35m (1.1ms)[0m  [1m[34mSELECT "schema_migrations"."version" FROM "schema_migrations" ORDER BY "schema_migrations"."version" ASC[0m
  ↳ /Users/jf/.rbenv/versions/2.5.1/lib/ruby/gems/2.5.0/gems/activerecord-5.2.6/lib/active_record/log_subscriber.rb:98
Processing by UsersController#index as */*
  [1m[36mUser Load (1.0ms)[0m  [1m[34mSELECT "users".* FROM "users"[0m
  ↳ app/controllers/users_controller.rb:5
Completed 200 OK in 24ms (Views: 9.1ms | ActiveRecord: 7.9ms)


  [1m[35m (0.7ms)[0m  [1m[34mSELECT "schema_migrations"."version" FROM "schema_migrations" ORDER BY "schema_migrations"."version" ASC[0m
  ↳ bin/rails:9
  [1m[35m (0.1ms)[0m  [1m[35mBEGIN[0m
  ↳ db/seeds.rb:10
  [1m[36mUser Create (0.5ms)[0m  [1m[32mINSERT INTO "users" ("name", "email", "created_at", "updated_at") VALUES ($1, $2, $3, $4) RETURNING "id"[0m  [["name", "Thiago"], ["email", "Tman@gmail"], ["created_at", "2021-12-02 19:02:46.414364"], ["updated_at", "2021-12-02 19:02:46.414364"]]
  ↳ db/seeds.rb:10
  [1m[35m (0.7ms)[0m  [1m[35mCOMMIT[0m
  ↳ db/seeds.rb:10
  [1m[35m (0.1ms)[0m  [1m[35mBEGIN[0m
  ↳ db/seeds.rb:11
  [1m[36mUser Create (0.2ms)[0m  [1m[32mINSERT INTO "users" ("name", "email", "created_at", "updated_at") VALUES ($1, $2, $3, $4) RETURNING "id"[0m  [["name", "Joannes"], ["email", "Jman@gmail"], ["created_at", "2021-12-02 19:02:46.416793"], ["updated_at", "2021-12-02 19:02:46.416793"]]
  ↳ db/seeds.rb:11
  [1m[35m (0.3ms)[0m  [1m[35mCOMMIT[0m
  ↳ db/seeds.rb:11
  [1m[35m (0.1ms)[0m  [1m[35mBEGIN[0m
  ↳ db/seeds.rb:12
  [1m[36mUser Create (0.2ms)[0m  [1m[32mINSERT INTO "users" ("name", "email", "created_at", "updated_at") VALUES ($1, $2, $3, $4) RETURNING "id"[0m  [["name", "Jo"], ["email", "otherJman@gmail"], ["created_at", "2021-12-02 19:02:46.418228"], ["updated_at", "2021-12-02 19:02:46.418228"]]
  ↳ db/seeds.rb:12
  [1m[35m (0.3ms)[0m  [1m[35mCOMMIT[0m
  ↳ db/seeds.rb:12
  [1m[35m (0.1ms)[0m  [1m[35mBEGIN[0m
  ↳ db/seeds.rb:13
  [1m[36mUser Create (0.2ms)[0m  [1m[32mINSERT INTO "users" ("name", "email", "created_at", "updated_at") VALUES ($1, $2, $3, $4) RETURNING "id"[0m  [["name", "T"], ["email", "otherTman@gmail"], ["created_at", "2021-12-02 19:02:46.419577"], ["updated_at", "2021-12-02 19:02:46.419577"]]
  ↳ db/seeds.rb:13
  [1m[35m (0.2ms)[0m  [1m[35mCOMMIT[0m
  ↳ db/seeds.rb:13
Started GET "/users/" for ::1 at 2021-12-02 11:02:54 -0800
Processing by UsersController#index as */*
  [1m[36mUser Load (0.9ms)[0m  [1m[34mSELECT "users".* FROM "users"[0m
  ↳ app/controllers/users_controller.rb:5
Completed 200 OK in 18ms (Views: 6.0ms | ActiveRecord: 9.6ms)


Started PATCH "/users/7?users[name]=%27otherThiago%27" for ::1 at 2021-12-02 11:05:20 -0800
Processing by UsersController#update as */*
  Parameters: {"users"=>{"name"=>"'otherThiago'"}, "id"=>"7"}
  [1m[36mUser Load (0.5ms)[0m  [1m[34mSELECT  "users".* FROM "users" WHERE "users"."id" = $1 LIMIT $2[0m  [["id", 7], ["LIMIT", 1]]
  ↳ app/controllers/users_controller.rb:23
Completed 400 Bad Request in 11ms (ActiveRecord: 0.8ms)



ActionController::ParameterMissing - param is missing or the value is empty: user:
  app/controllers/users_controller.rb:30:in `user_params'
  app/controllers/users_controller.rb:24:in `update'

Started PATCH "/users/7?name=%27otherThiago%27" for ::1 at 2021-12-02 11:06:05 -0800
Processing by UsersController#update as */*
  Parameters: {"name"=>"'otherThiago'", "id"=>"7"}
  [1m[36mUser Load (0.4ms)[0m  [1m[34mSELECT  "users".* FROM "users" WHERE "users"."id" = $1 LIMIT $2[0m  [["id", 7], ["LIMIT", 1]]
  ↳ app/controllers/users_controller.rb:23
Completed 400 Bad Request in 2ms (ActiveRecord: 0.4ms)



ActionController::ParameterMissing - param is missing or the value is empty: user:
  app/controllers/users_controller.rb:30:in `user_params'
  app/controllers/users_controller.rb:24:in `update'

Started PATCH "/users/7?users[:name]=%27otherThiago%27" for ::1 at 2021-12-02 11:07:12 -0800
Processing by UsersController#update as */*
  Parameters: {"users"=>{":name"=>"'otherThiago'"}, "id"=>"7"}
  [1m[36mUser Load (0.3ms)[0m  [1m[34mSELECT  "users".* FROM "users" WHERE "users"."id" = $1 LIMIT $2[0m  [["id", 7], ["LIMIT", 1]]
  ↳ app/controllers/users_controller.rb:23
Completed 400 Bad Request in 1ms (ActiveRecord: 0.3ms)



ActionController::ParameterMissing - param is missing or the value is empty: user:
  app/controllers/users_controller.rb:30:in `user_params'
  app/controllers/users_controller.rb:24:in `update'

Started PATCH "/users/7?users[name]=otherThiago" for ::1 at 2021-12-02 11:07:46 -0800
Processing by UsersController#update as */*
  Parameters: {"users"=>{"name"=>"otherThiago"}, "id"=>"7"}
  [1m[36mUser Load (0.3ms)[0m  [1m[34mSELECT  "users".* FROM "users" WHERE "users"."id" = $1 LIMIT $2[0m  [["id", 7], ["LIMIT", 1]]
  ↳ app/controllers/users_controller.rb:23
Completed 400 Bad Request in 1ms (ActiveRecord: 0.3ms)



ActionController::ParameterMissing - param is missing or the value is empty: user:
  app/controllers/users_controller.rb:30:in `user_params'
  app/controllers/users_controller.rb:24:in `update'

Started PATCH "/users/7?users[:name]=otherThiago" for ::1 at 2021-12-02 11:08:21 -0800
Processing by UsersController#update as */*
  Parameters: {"users"=>{":name"=>"otherThiago"}, "id"=>"7"}
  [1m[36mUser Load (0.4ms)[0m  [1m[34mSELECT  "users".* FROM "users" WHERE "users"."id" = $1 LIMIT $2[0m  [["id", 7], ["LIMIT", 1]]
  ↳ app/controllers/users_controller.rb:23
Completed 400 Bad Request in 2ms (ActiveRecord: 0.4ms)



ActionController::ParameterMissing - param is missing or the value is empty: user:
  app/controllers/users_controller.rb:30:in `user_params'
  app/controllers/users_controller.rb:24:in `update'

Started PATCH "/users/7?users[name]:=otherThiago" for ::1 at 2021-12-02 11:09:33 -0800
Processing by UsersController#update as */*
  Parameters: {"users"=>{"name"=>{":"=>"otherThiago"}}, "id"=>"7"}
  [1m[36mUser Load (0.4ms)[0m  [1m[34mSELECT  "users".* FROM "users" WHERE "users"."id" = $1 LIMIT $2[0m  [["id", 7], ["LIMIT", 1]]
  ↳ app/controllers/users_controller.rb:23
Completed 400 Bad Request in 3ms (ActiveRecord: 0.4ms)



ActionController::ParameterMissing - param is missing or the value is empty: user:
  app/controllers/users_controller.rb:30:in `user_params'
  app/controllers/users_controller.rb:24:in `update'

Started PATCH "/users/7?users[name]:=%27otherThiago%27" for ::1 at 2021-12-02 11:09:43 -0800
Processing by UsersController#update as */*
  Parameters: {"users"=>{"name"=>{":"=>"'otherThiago'"}}, "id"=>"7"}
  [1m[36mUser Load (0.2ms)[0m  [1m[34mSELECT  "users".* FROM "users" WHERE "users"."id" = $1 LIMIT $2[0m  [["id", 7], ["LIMIT", 1]]
  ↳ app/controllers/users_controller.rb:23
Completed 400 Bad Request in 2ms (ActiveRecord: 0.2ms)



ActionController::ParameterMissing - param is missing or the value is empty: user:
  app/controllers/users_controller.rb:30:in `user_params'
  app/controllers/users_controller.rb:24:in `update'

Started PATCH "/users/7?name=%27otherThiago%27" for ::1 at 2021-12-02 11:10:00 -0800
Processing by UsersController#update as */*
  Parameters: {"name"=>"'otherThiago'", "id"=>"7"}
  [1m[36mUser Load (0.3ms)[0m  [1m[34mSELECT  "users".* FROM "users" WHERE "users"."id" = $1 LIMIT $2[0m  [["id", 7], ["LIMIT", 1]]
  ↳ app/controllers/users_controller.rb:23
Completed 400 Bad Request in 2ms (ActiveRecord: 0.3ms)



ActionController::ParameterMissing - param is missing or the value is empty: user:
  app/controllers/users_controller.rb:30:in `user_params'
  app/controllers/users_controller.rb:24:in `update'

Started PATCH "/users/7?%27name%27:=%27otherThiago%27" for ::1 at 2021-12-02 11:10:28 -0800
Processing by UsersController#update as */*
  Parameters: {"'name':"=>"'otherThiago'", "id"=>"7"}
  [1m[36mUser Load (0.4ms)[0m  [1m[34mSELECT  "users".* FROM "users" WHERE "users"."id" = $1 LIMIT $2[0m  [["id", 7], ["LIMIT", 1]]
  ↳ app/controllers/users_controller.rb:23
Completed 400 Bad Request in 2ms (ActiveRecord: 0.4ms)



ActionController::ParameterMissing - param is missing or the value is empty: user:
  app/controllers/users_controller.rb:30:in `user_params'
  app/controllers/users_controller.rb:24:in `update'

Started GET "/users/7" for ::1 at 2021-12-02 11:13:15 -0800
Processing by UsersController#show as */*
  Parameters: {"id"=>"7"}
  [1m[36mUser Load (0.3ms)[0m  [1m[34mSELECT  "users".* FROM "users" WHERE "users"."id" = $1 LIMIT $2[0m  [["id", 7], ["LIMIT", 1]]
  ↳ app/controllers/users_controller.rb:18
Completed 200 OK in 2ms (Views: 0.4ms | ActiveRecord: 0.3ms)


Started PATCH "/users/7?name:%20=otherThiago&email:%20=mail.com" for ::1 at 2021-12-02 11:14:13 -0800
Processing by UsersController#update as */*
  Parameters: {"name: "=>"otherThiago", "email: "=>"mail.com", "id"=>"7"}
  [1m[36mUser Load (0.3ms)[0m  [1m[34mSELECT  "users".* FROM "users" WHERE "users"."id" = $1 LIMIT $2[0m  [["id", 7], ["LIMIT", 1]]
  ↳ app/controllers/users_controller.rb:23
Completed 400 Bad Request in 2ms (ActiveRecord: 0.3ms)



ActionController::ParameterMissing - param is missing or the value is empty: user:
  app/controllers/users_controller.rb:30:in `user_params'
  app/controllers/users_controller.rb:24:in `update'

Started PATCH "/users/7?user[name]=otherThiago" for ::1 at 2021-12-02 11:17:20 -0800
Processing by UsersController#update as */*
  Parameters: {"user"=>{"name"=>"otherThiago"}, "id"=>"7"}
  [1m[36mUser Load (0.3ms)[0m  [1m[34mSELECT  "users".* FROM "users" WHERE "users"."id" = $1 LIMIT $2[0m  [["id", 7], ["LIMIT", 1]]
  ↳ app/controllers/users_controller.rb:23
  [1m[35m (0.2ms)[0m  [1m[35mBEGIN[0m
  ↳ app/controllers/users_controller.rb:24
  [1m[36mUser Update (0.6ms)[0m  [1m[33mUPDATE "users" SET "name" = $1, "updated_at" = $2 WHERE "users"."id" = $3[0m  [["name", "otherThiago"], ["updated_at", "2021-12-02 19:17:20.008815"], ["id", 7]]
  ↳ app/controllers/users_controller.rb:24
  [1m[35m (1.7ms)[0m  [1m[35mCOMMIT[0m
  ↳ app/controllers/users_controller.rb:24
Redirected to http://localhost:3000/users/7
Completed 302 Found in 6ms (ActiveRecord: 2.7ms)


Started GET "/users/7" for ::1 at 2021-12-02 11:17:20 -0800
Processing by UsersController#show as */*
  Parameters: {"id"=>"7"}
  [1m[36mUser Load (0.4ms)[0m  [1m[34mSELECT  "users".* FROM "users" WHERE "users"."id" = $1 LIMIT $2[0m  [["id", 7], ["LIMIT", 1]]
  ↳ app/controllers/users_controller.rb:18
Completed 200 OK in 2ms (Views: 0.4ms | ActiveRecord: 0.4ms)


  [1m[36mUser Load (0.9ms)[0m  [1m[34mSELECT "users".* FROM "users"[0m
Started DELETE "/users/7" for ::1 at 2021-12-02 11:22:19 -0800
Processing by UsersController#destroy as */*
  Parameters: {"id"=>"7"}
  [1m[36mUser Load (0.3ms)[0m  [1m[34mSELECT  "users".* FROM "users" WHERE "users"."id" = $1 LIMIT $2[0m  [["id", 7], ["LIMIT", 1]]
  ↳ app/controllers/users_controller.rb:28
  [1m[36mUser Destroy (0.8ms)[0m  [1m[31mDELETE FROM "users" WHERE "users"."id" = $1[0m  [["id", 7]]
  ↳ app/controllers/users_controller.rb:28
No template found for UsersController#destroy, rendering head :no_content
Completed 204 No Content in 400ms (ActiveRecord: 9.3ms)


Started DELETE "/users" for ::1 at 2021-12-02 11:22:27 -0800
  
ActionController::RoutingError (No route matches [DELETE] "/users"):
  
actionpack (5.2.6) lib/action_dispatch/middleware/debug_exceptions.rb:65:in `call'
web-console (3.7.0) lib/web_console/middleware.rb:135:in `call_app'
web-console (3.7.0) lib/web_console/middleware.rb:30:in `block in call'
web-console (3.7.0) lib/web_console/middleware.rb:20:in `catch'
web-console (3.7.0) lib/web_console/middleware.rb:20:in `call'
actionpack (5.2.6) lib/action_dispatch/middleware/show_exceptions.rb:33:in `call'
railties (5.2.6) lib/rails/rack/logger.rb:38:in `call_app'
railties (5.2.6) lib/rails/rack/logger.rb:26:in `block in call'
activesupport (5.2.6) lib/active_support/tagged_logging.rb:71:in `block in tagged'
activesupport (5.2.6) lib/active_support/tagged_logging.rb:28:in `tagged'
activesupport (5.2.6) lib/active_support/tagged_logging.rb:71:in `tagged'
railties (5.2.6) lib/rails/rack/logger.rb:26:in `call'
sprockets-rails (3.4.1) lib/sprockets/rails/quiet_assets.rb:13:in `call'
actionpack (5.2.6) lib/action_dispatch/middleware/remote_ip.rb:81:in `call'
actionpack (5.2.6) lib/action_dispatch/middleware/request_id.rb:27:in `call'
rack (2.2.3) lib/rack/method_override.rb:24:in `call'
rack (2.2.3) lib/rack/runtime.rb:22:in `call'
activesupport (5.2.6) lib/active_support/cache/strategy/local_cache_middleware.rb:29:in `call'
actionpack (5.2.6) lib/action_dispatch/middleware/executor.rb:14:in `call'
actionpack (5.2.6) lib/action_dispatch/middleware/static.rb:127:in `call'
rack (2.2.3) lib/rack/sendfile.rb:110:in `call'
railties (5.2.6) lib/rails/engine.rb:524:in `call'
puma (3.12.6) lib/puma/configuration.rb:227:in `call'
puma (3.12.6) lib/puma/server.rb:706:in `handle_request'
puma (3.12.6) lib/puma/server.rb:476:in `process_client'
puma (3.12.6) lib/puma/server.rb:334:in `block in run'
puma (3.12.6) lib/puma/thread_pool.rb:135:in `block in spawn_thread'
Started GET "/users" for ::1 at 2021-12-02 11:22:38 -0800
Processing by UsersController#index as */*
  [1m[36mUser Load (0.3ms)[0m  [1m[34mSELECT "users".* FROM "users"[0m
  ↳ app/controllers/users_controller.rb:5
Completed 200 OK in 2ms (Views: 1.3ms | ActiveRecord: 0.3ms)


Started DELETE "/users/6" for ::1 at 2021-12-02 11:22:49 -0800
Processing by UsersController#destroy as */*
  Parameters: {"id"=>"6"}
  [1m[36mUser Load (0.2ms)[0m  [1m[34mSELECT  "users".* FROM "users" WHERE "users"."id" = $1 LIMIT $2[0m  [["id", 6], ["LIMIT", 1]]
  ↳ app/controllers/users_controller.rb:28
  [1m[36mUser Destroy (0.8ms)[0m  [1m[31mDELETE FROM "users" WHERE "users"."id" = $1[0m  [["id", 6]]
  ↳ app/controllers/users_controller.rb:28
No template found for UsersController#destroy, rendering head :no_content
Completed 204 No Content in 373ms (ActiveRecord: 1.0ms)


Started GET "/users" for ::1 at 2021-12-02 11:23:08 -0800
Processing by UsersController#index as */*
  [1m[36mUser Load (0.3ms)[0m  [1m[34mSELECT "users".* FROM "users"[0m
  ↳ app/controllers/users_controller.rb:5
Completed 200 OK in 14ms (Views: 5.6ms | ActiveRecord: 5.6ms)


Started DELETE "/users/5" for ::1 at 2021-12-02 11:24:53 -0800
Processing by UsersController#destroy as */*
  Parameters: {"id"=>"5"}
  [1m[36mUser Load (0.2ms)[0m  [1m[34mSELECT  "users".* FROM "users" WHERE "users"."id" = $1 LIMIT $2[0m  [["id", 5], ["LIMIT", 1]]
  ↳ app/controllers/users_controller.rb:28
  [1m[36mUser Destroy (1.3ms)[0m  [1m[31mDELETE FROM "users" WHERE "users"."id" = $1[0m  [["id", 5]]
  ↳ app/controllers/users_controller.rb:28
  [1m[36mUser Load (0.6ms)[0m  [1m[34mSELECT  "users".* FROM "users" WHERE "users"."id" = $1 LIMIT $2[0m  [["id", 5], ["LIMIT", 1]]
  ↳ app/controllers/users_controller.rb:29
Completed 404 Not Found in 17ms (ActiveRecord: 7.1ms)



ActiveRecord::RecordNotFound - Couldn't find User with 'id'=5:
  app/controllers/users_controller.rb:29:in `destroy'

Started GET "/users" for ::1 at 2021-12-02 11:25:07 -0800
Processing by UsersController#index as */*
  [1m[36mUser Load (0.3ms)[0m  [1m[34mSELECT "users".* FROM "users"[0m
  ↳ app/controllers/users_controller.rb:5
Completed 200 OK in 2ms (Views: 1.0ms | ActiveRecord: 0.3ms)


Started DELETE "/users/4" for ::1 at 2021-12-02 11:25:18 -0800
Processing by UsersController#destroy as */*
  Parameters: {"id"=>"4"}
  [1m[36mUser Load (0.2ms)[0m  [1m[34mSELECT  "users".* FROM "users" WHERE "users"."id" = $1 LIMIT $2[0m  [["id", 4], ["LIMIT", 1]]
  ↳ app/controllers/users_controller.rb:28
  [1m[36mUser Destroy (0.8ms)[0m  [1m[31mDELETE FROM "users" WHERE "users"."id" = $1[0m  [["id", 4]]
  ↳ app/controllers/users_controller.rb:28
  [1m[36mUser Load (0.2ms)[0m  [1m[34mSELECT  "users".* FROM "users" WHERE "users"."id" = $1 LIMIT $2[0m  [["id", 4], ["LIMIT", 1]]
  ↳ app/controllers/users_controller.rb:29
Completed 404 Not Found in 3ms (ActiveRecord: 1.2ms)



ActiveRecord::RecordNotFound - Couldn't find User with 'id'=4:
  app/controllers/users_controller.rb:29:in `destroy'

Started DELETE "/users/3" for ::1 at 2021-12-02 11:26:21 -0800
Processing by UsersController#destroy as */*
  Parameters: {"id"=>"3"}
  [1m[36mUser Load (0.2ms)[0m  [1m[34mSELECT  "users".* FROM "users" WHERE "users"."id" = $1 LIMIT $2[0m  [["id", 3], ["LIMIT", 1]]
  ↳ app/controllers/users_controller.rb:28
  [1m[36mCACHE User Load (0.0ms)[0m  [1m[34mSELECT  "users".* FROM "users" WHERE "users"."id" = $1 LIMIT $2[0m  [["id", 3], ["LIMIT", 1]]
  ↳ app/controllers/users_controller.rb:29
  [1m[36mUser Destroy (1.2ms)[0m  [1m[31mDELETE FROM "users" WHERE "users"."id" = $1[0m  [["id", 3]]
  ↳ app/controllers/users_controller.rb:29
No template found for UsersController#destroy, rendering head :no_content
Completed 204 No Content in 404ms (ActiveRecord: 6.6ms)


